POST /api/v1/products 200 57 - 2.312 ms
POST /api/v1/products 200 57 - 2.349 ms
GET /api/v1/products 200 47 - 1.396 ms
GET /api/v1/products 200 47 - 4.639 ms
POST /api/v1/products 200 100 - 6.868 ms
POST /api/v1/products 200 100 - 7.122 ms
POST /api/v1/products 200 100 - 6.913 ms
POST /api/v1/products 200 100 - 7.870 ms
POST /api/v1/products 200 100 - 6.661 ms
POST /api/v1/products 200 102 - 150.119 ms
POST /api/v1/products 201 102 - 155.453 ms
POST /api/v1/products 201 102 - 159.685 ms
POST /api/v1/products 201 102 - 1347.013 ms
POST /api/v1/products 500 460 - 9.898 ms
POST /api/v1/products 201 104 - 143.860 ms
GET /api/v1/products 200 47 - 0.668 ms
GET /api/v1/products 200 627 - 148.343 ms
GET /api/v1/products 404 154 - 3.747 ms
GET /api/v1/products 404 154 - 2.196 ms
GET /api/v1/products 404 154 - 4.278 ms
GET /api/v1/products 404 154 - 2.664 ms
GET /api/v1/products 404 154 - 0.590 ms
GET /api/v1/products 404 154 - 0.213 ms
GET /api/v1/products 404 154 - 0.364 ms
GET /api/v1/products 404 154 - 0.298 ms
GET /api/v1/products 404 154 - 0.326 ms
GET /api/v1/products 404 154 - 2.236 ms
GET /api/v1/products 404 154 - 1.957 ms
GET /api/v1/products 404 154 - 21.136 ms
GET /api/v1/products 200 42 - 2.491 ms
GET /api/v1/products 200 25420 - 1523.229 ms
GET /api/v1/products 200 25420 - 1520.744 ms
GET /api/v1/products 200 25420 - 268.079 ms
GET /api/v1/products 200 25420 - 276.069 ms
POST /api/v1/products 201 27 - 2.563 ms
GET /api/v1/categories 404 156 - 1.933 ms
GET /api/v1/categories 200 30 - 1.991 ms
GET /api/v1/users 200 25 - 1.779 ms
GET /api/v1/orders 200 25 - 2.166 ms
GET /api/v1/orders 200 1753 - 1383.599 ms
GET /api/v1/cateories 404 155 - 1.956 ms
GET /api/v1/categories 200 558 - 161.695 ms
GET /api/v1/users 200 1625 - 1378.602 ms
POST /api/v1/categories 200 30 - 2.210 ms
POST /api/v1/categories 200 97 - 164.946 ms
POST /api/v1/categories 200 99 - 137.435 ms
POST /api/v1/categories 200 104 - 164.323 ms
DELETE /api/v1/categories/60afd6886a8d44211c1d605a 200 76 - 1.896 ms
DELETE /api/v1/categories/60afd6886a8d44211c1d605a 404 66 - 146.589 ms
DELETE /api/v1/categories/60afd6886a8d44211c1d605a 404 81 - 1287.845 ms
DELETE /api/v1/categories/60afd6886a8d44211c1d605b 200 91 - 149.143 ms
GET /api/v1/categories/60afd6886a8d44211c1d605b 404 181 - 1.147 ms
GET /api/v1/categories/ 200 656 - 137.087 ms
DELETE /api/v1/categories/asdasdas 400 306 - 1.717 ms
GET /api/v1/categories/asdasdas 500 320 - 9.045 ms
POST /api/v1/categories/ 200 104 - 146.553 ms
GET /api/v1/categories/60afd955ae6cc839d43b8413 404 81 - 136.054 ms
GET /api/v1/categories/60afd955ae6cc839d43b8412 200 104 - 131.198 ms
DELETE /api/v1/categories/60afd955ae6cc839d43b8412 200 91 - 137.046 ms
POST /api/v1/categories/ 200 100 - 147.880 ms
PUT /api/v1/categories/60afdabb9b11de3d38b7602 500 46 - 3.744 ms
PUT /api/v1/categories/60afdabb9b11de3d38b7601 500 46 - 1.839 ms
PUT /api/v1/categories/60afdabb9b11de3d38b7601 500 46 - 1.630 ms
PUT /api/v1/categories/60afdabb9b11de3d38b7601 500 46 - 3.437 ms
GET /api/v1/categories 200 757 - 136.120 ms
PUT /api/v1/categories/60afdabb9b11de3d38b76010 500 46 - 0.692 ms
PUT /api/v1/categories/60afdabb9b11de3d38b76010 500 46 - 0.625 ms
PUT /api/v1/categories/60afdabb9b11de3d38b76010 500 46 - 3.877 ms
PUT /api/v1/categories/60afdabb9b11de3d38b76010 500 46 - 1.494 ms
PUT /api/v1/categories/60afdabb9b11de3d38b76010 500 46 - 7.267 ms
PUT /api/v1/categories/60afdabb9b11de3d38b76010 404 181 - 1.641 ms
PATCH /api/v1/categories/60afdabb9b11de3d38b76010 500 46 - 8.995 ms
PUT /api/v1/categories/60afdabb9b11de3d38b76010 500 46 - 5.613 ms
PUT /api/v1/categories/60afdabb9b11de3d38b76010 201 100 - 1447.164 ms
PUT /api/v1/categories/60afdabb9b11de3d38b76010 201 106 - 1281.394 ms
PUT /api/v1/categories/60afdabb9b11de3d38b76010 201 112 - 133.343 ms
DELETE /api/v1/categories/60afdabb9b11de3d38b76010 200 91 - 130.085 ms
GET /api/v1/categories/60afdabb9b11de3d38b76010 404 81 - 132.974 ms
GET /api/v1/categories/608fe08365074604f45ce544 200 93 - 132.445 ms
GET /api/v1/products 200 24982 - 271.541 ms
GET /api/v1/categories 200 656 - 149.958 ms
POST /api/v1/products 400 46 - 139.286 ms
POST /api/v1/products 201 400 - 295.158 ms
GET /api/v1/products/5fa5bf8d9791235c46678e16 500 61 - 150.856 ms
GET /api/v1/products/5fa5bf8d9791235c46678e16 500 64 - 1416.972 ms
GET /api/v1/products/5fa5bf8d9791235c4667 500 376 - 9.441 ms
GET /api/v1/products/5fa5bf8d9791235c46678e15 201 2290 - 157.007 ms
GET /api/v1/products 200 795 - 1285.773 ms
GET /api/v1/products 200 3113 - 1241.638 ms
GET /api/v1/products 200 4137 - 1333.691 ms
GET /api/v1/products 200 3741 - 1341.981 ms
GET /api/v1/products 200 4197 - 1390.361 ms
GET /api/v1/products 200 25383 - 854.457 ms
GET /api/v1/products/5f15da13e520d44421ed8e9e 500 68 - 147.611 ms
GET /api/v1/products/5f15da13e520d44421ed8e9e 500 67 - 149.324 ms
GET /api/v1/products/5f15da13e520d44421ed8e9e 500 67 - 148.687 ms
GET /api/v1/products/5f15da13e520d44421ed8e9e 201 1884 - 1382.017 ms
GET /api/v1/products/5f15da13e520d44421ed8e9e 500 67 - 393.141 ms
GET /api/v1/products/5f15da13e520d44421ed8e9e 500 67 - 1236.910 ms
GET /api/v1/products/5f15da13e520d44421ed8e9e 201 1884 - 1377.193 ms
GET /api/v1/products/5f15da13e520d44421ed8e9e 500 67 - 1176.763 ms
GET /api/v1/products/5f15da13e520d44421ed8e9e 500 154 - 1319.505 ms
GET /api/v1/products/5f15da13e520d44421ed8e9e 201 1947 - 300.674 ms
GET /api/v1/products/ 200 26185 - 1650.855 ms
PUT /api/v1/products/60afe26843b09128746b45c0 404 66 - 143.041 ms
PUT /api/v1/products/60afe26843b09128746b45c0 404 66 - 1438.794 ms
PUT /api/v1/products/60afe26843b09128746b45c0 404 66 - 266.378 ms
PUT /api/v1/products/60afe26843b09128746b45c0 404 66 - 1443.722 ms
PUT /api/v1/products/60afe26843b09128746b45c0 404 66 - 1392.985 ms
PUT /api/v1/products/60afe26843b09128746b45c0 201 408 - 1560.499 ms
PUT /api/v1/products/60afe26843b09128746b45c0 400 46 - 130.695 ms
PUT /api/v1/products/60afe26843b09128746b45c0 201 408 - 262.938 ms
PUT /api/v1/products/60afe26843b09128746b45c1 404 80 - 261.711 ms
PUT /api/v1/products/60afe26843b09128746b45c0 201 408 - 263.161 ms
PUT /api/v1/products/60afe26843b09128746b45c0 201 408 - 258.978 ms
PUT /api/v1/products/60afe26843b09128746b45c0 201 378 - 262.463 ms
GET /api/v1/products 200 26163 - 1757.874 ms
GET /api/v1/products/60afe26843b09128746b45c0 201 448 - 258.455 ms
DELETE /api/v1/products/60afe26843b09128746b45c0 200 90 - 144.911 ms
DELETE /api/v1/products/60afe26843b09128746b45 400 346 - 1.403 ms
POST /api/v1/products/60afe26843b09128746b45 404 178 - 1.577 ms
POST /api/v1/products/ 201 378 - 274.949 ms
PUT /api/v1/products/5f15d54cf3a046427a1c2 500 327 - 131.128 ms
PUT /api/v1/products/5f15d54cf3a046427a1c2 500 327 - 156.589 ms
GET /api/v1/products/5f15d54cf3a046427a1c2 500 179 - 2.767 ms
GET /api/v1/products/get/count 200 7 - 1.957 ms
GET /api/v1/products/get/count 200 2 - 3.476 ms
GET /api/v1/products/get/count 200 2 - 1095.394 ms
GET /api/v1/products/get/count 200 19 - 1178.854 ms
GET /api/v1/products/featured 500 166 - 5.984 ms
GET /api/v1/products/featured 500 166 - 10.537 ms
GET /api/v1/products/featured 500 166 - 5.978 ms
GET /api/v1/products/featured 500 166 - 14.502 ms
GET /api/v1/products/featured 200 40 - 3.343 ms
GET /api/v1/products/featured 200 40 - 3.409 ms
GET /api/v1/products/featured 200 3 - 3.100 ms
GET /api/v1/products/featured 500 62 - 5.746 ms
GET /api/v1/products/featured 500 62 - 7.163 ms
GET /api/v1/products/featured 200 13488 - 1233.823 ms
GET /api/v1/products/get/featured 200 13488 - 1099.949 ms
GET /api/v1/products/get/featured 200 13488 - 1195.460 ms
GET /api/v1/products/get/featured 200 4842 - 1190.947 ms
GET /api/v1/products/get/featured/3 200 7773 - 135.864 ms
GET /api/v1/products/get/featured/1 200 2957 - 104.420 ms
GET /api/v1/products/get/featured/ 404 168 - 1.777 ms
GET /api/v1/products/get/featured/ 404 168 - 0.776 ms
GET /api/v1/products/get/featured/ 404 168 - 2.223 ms
GET /api/v1/products/get/featured/ 404 168 - 1.812 ms
GET /api/v1/products/get/featured/ 404 168 - 2.378 ms
GET /api/v1/products/get/featured/ 404 168 - 5.223 ms
GET /api/v1/products/get/featured/4 200 10818 - 130.430 ms
GET /api/v1/products/get/featured/ 404 168 - 1.218 ms
GET / 404 139 - 0.654 ms
GET /api/v1/products/get/featured 404 167 - 0.379 ms
GET /api/v1/products/get/featured/ 404 168 - 0.496 ms
GET /api/v1/products/get/featured/ 404 168 - 0.244 ms
GET /api/v1/products/get/featured/ 404 168 - 2.291 ms
GET /api/v1/products/get/featured/ 404 168 - 1.839 ms
GET /api/v1/products/get/featured/ 404 168 - 1.979 ms
GET /api/v1/products/get/featured/ 404 168 - 4.448 ms
GET /api/v1/products/get/featured/3 200 7773 - 147.147 ms
GET /api/v1/products/get/featured/3 200 7773 - 1072.369 ms
GET /api/v1/products/get/featured/ 404 168 - 1.206 ms
GET /api/v1/products/get/featured/ 404 168 - 0.959 ms
GET /api/v1/products/get/featured/ 404 168 - 5.497 ms
GET /api/v1/products/get/featured/3 200 7773 - 143.582 ms
GET /api/v1/products/get/featured/3 200 7773 - 136.511 ms
GET /api/v1/products/get/featured/ 404 168 - 1.992 ms
GET /api/v1/products/get/featured/ 404 168 - 6.318 ms
GET /api/v1/products//get/featured/ 404 169 - 0.829 ms
GET /api/v1/products//get/count 200 19 - 117.037 ms
GET /api/v1/products//get/count 200 19 - 1398.385 ms
GET /api/v1/products/get/count 200 19 - 131.532 ms
GET /api/v1/products/get/featured 404 167 - 1.848 ms
GET /api/v1/products/get/featured 200 13488 - 1297.790 ms
GET /api/v1/products/get/featured 200 13488 - 1391.296 ms
GET /api/v1/products/get/featured/2 200 4842 - 135.188 ms
GET /api/v1/products/get/featured/1 200 2957 - 134.333 ms
GET /api/v1/products/get/featured/45 200 13488 - 133.066 ms
GET /api/v1/products 404 154 - 2.306 ms
GET /api/v1/products 200 26163 - 1555.055 ms
GET /api/v1/products 404 154 - 1.816 ms
GET /api/v1/products 404 154 - 1.797 ms
GET /api/v1/products 404 154 - 2.857 ms
GET /api/v1/products 404 154 - 0.847 ms
GET /api/v1/products 404 154 - 0.227 ms
GET /api/v1/products/?categories 404 155 - 0.316 ms
GET /api/v1/products/?categories=sasa 404 155 - 0.246 ms
GET /api/v1/products/?categories=sasa 404 155 - 0.282 ms
GET /api/v1/products/?categories=sasa 404 155 - 0.249 ms
GET /api/v1/products/?categories=sasa 404 155 - 0.259 ms
GET /api/v1/products/categories=sasa 500 173 - 7.719 ms
GET /api/v1/products?categories=sasa 200 2 - 148.622 ms
GET /api/v1/products?categories=sasa 200 2 - 1427.092 ms
GET /api/v1/products?categories=sasa,sdsd 200 2 - 129.021 ms
GET /api/v1/products?categories=sasa,sdsd 200 2 - 155.257 ms
GET /api/v1/products?categories=sasa,sdsd 200 2 - 1334.315 ms
GET /api/v1/products 200 26163 - 428.192 ms
GET /api/v1/products?categories=sasa,sdsd 200 2 - 146.957 ms
GET /api/v1/products 200 2 - 148.064 ms
GET /api/v1/products 200 2 - 128.421 ms
GET /api/v1/products 200 2 - 129.029 ms
GET /api/v1/products 200 2 - 1357.354 ms
GET /api/v1/products?categories=sasa 200 2 - 130.675 ms
GET /api/v1/products?categories=sasa,dsds 200 2 - 130.541 ms
GET /api/v1/products?categories=sasa,dsds 200 2 - 1322.813 ms
GET /api/v1/products?categories=sasa,dsds 200 2 - 1327.495 ms
GET /api/v1/products?categories=sasa,dsds 200 2 - 130.627 ms
GET /api/v1/products?categories=sasa,dsds 200 26163 - 1657.831 ms
GET /api/v1/products?categories=sasa,dsds 500 307 - 13.069 ms
GET /api/v1/cateories 404 155 - 1.832 ms
GET /api/v1/cateories 404 155 - 0.448 ms
GET /api/v1/categories 200 656 - 153.696 ms
GET /api/v1/products?categories=5f15d467f3a046427a1c26e1 200 4784 - 261.398 ms
GET /api/v1/products?categories=5f15d467f3a046427a1c26e2 200 2 - 131.432 ms
GET /api/v1/products?categories=5f15d467f3a046427a1c26e2 200 2 - 147.135 ms
GET /api/v1/products?categories=5f15d467f3a046427a1c26e1 200 4784 - 268.242 ms
POST /api/v1/users 201 227 - 165.162 ms
GET /api/v1/users 200 1772 - 189.160 ms
POST /api/v1/users 201 279 - 242.988 ms
POST /api/v1/users 404 74 - 1382.059 ms
POST /api/v1/users 404 74 - 131.398 ms
POST /api/v1/users 201 284 - 362.223 ms
POST /api/v1/users 404 79 - 178.354 ms
POST /api/v1/users 201 286 - 362.020 ms
GET /api/v1/users/60b334bc2f29044574259a85 200 212 - 160.316 ms
GET /api/v1/users/60b334bc2f29044574259a85 200 212 - 145.352 ms
GET /api/v1/users 200 2624 - 144.690 ms
GET /api/v1/users 200 2380 - 894.234 ms
GET /api/v1/users 200 351 - 1454.186 ms
GET /api/v1/users 200 351 - 138.755 ms
GET /api/v1/users 200 351 - 1253.517 ms
GET /api/v1/users 200 920 - 659.689 ms
PUT /api/v1/users/60b334bc2f29044574259a85 201 285 - 242.809 ms
POST /api/v1/users/ 201 285 - 400.262 ms
POST /api/v1/users/login 200 51 - 2.127 ms
POST /api/v1/users/login 200 211 - 150.340 ms
POST /api/v1/users/login 400 68 - 127.775 ms
POST /api/v1/users/login 200 211 - 130.424 ms
POST /api/v1/users/login 200 211 - 157.792 ms
POST /api/v1/users/login 200 285 - 1334.318 ms
POST /api/v1/users/login 200 285 - 1394.976 ms
POST /api/v1/users/login 200 285 - 1396.157 ms
POST /api/v1/users/login 200 285 - 142.589 ms
POST /api/v1/users/login 200 285 - 1612.165 ms
POST /api/v1/users/login 400 68 - 228.550 ms
POST /api/v1/users/ 404 79 - 148.123 ms
POST /api/v1/users 404 79 - 129.089 ms
GET /api/v1/users 200 213 - 133.391 ms
POST /api/v1/users 404 79 - 134.148 ms
POST /api/v1/users/login 200 285 - 222.016 ms
POST /api/v1/users/login 200 285 - 227.961 ms
POST /api/v1/users/login 200 285 - 215.297 ms
POST /api/v1/users/login 200 285 - 201.043 ms
POST /api/v1/users/login 500 62 - 128.874 ms
POST /api/v1/users/login 500 62 - 129.193 ms
POST /api/v1/users/login 500 62 - 128.088 ms
POST /api/v1/users/login 500 62 - 131.076 ms
POST /api/v1/users/login 200 285 - 216.562 ms
POST /api/v1/users 404 79 - 129.068 ms
POST /api/v1/users 201 282 - 357.420 ms
GET /api/v1/users 200 422 - 129.204 ms
POST /api/v1/users 404 79 - 129.116 ms
POST /api/v1/users/login 400 68 - 228.405 ms
POST /api/v1/users/login 200 285 - 231.728 ms
POST /api/v1/users/login 200 155 - 702.033 ms
POST /api/v1/users/login 200 178 - 1417.644 ms
POST /api/v1/users/login 200 215 - 1283.646 ms
POST /api/v1/users/login 200 217 - 1340.885 ms
POST /api/v1/users/login 200 238 - 1541.675 ms
POST /api/v1/users/login 200 233 - 1262.189 ms
POST /api/v1/users/login 200 233 - 1475.149 ms
POST /api/v1/users/login 200 233 - 1271.931 ms
GET /api/v1/categories 401 2143 - 4.272 ms
GET /api/v1/categories 401 2143 - 4.667 ms
POST /api/v1/users/login 401 2143 - 1.235 ms
POST /api/v1/users/login 401 2143 - 0.578 ms
POST /api/v1/users/login 200 233 - 1486.225 ms
POST /api/v1/products 500 318 - 3.030 ms
GET /api/v1/products 200 26163 - 404.299 ms
GET /api/v1/products 401 2143 - 2.676 ms
GET /api/v1/products 401 1462 - 2.824 ms
GET /api/v1/products 401 1462 - 2.032 ms
GET /api/v1/products 401 1462 - 0.682 ms
GET /api/v1/products 401 1462 - 1.203 ms
GET /api/v1/products 401 1462 - 0.643 ms
POST /api/v1/users/login 401 2143 - 3.898 ms
POST /api/v1/users/login 200 233 - 1435.587 ms
POST /api/v1/users/login 200 233 - 1423.397 ms
POST /api/v1/users/login 200 254 - 1369.499 ms
POST /api/v1/users/login 200 233 - 1266.036 ms
POST /api/v1/users/login 200 233 - 230.238 ms
GET /api/v1/products 200 26163 - 397.390 ms
POST /api/v1/users/login 200 233 - 239.854 ms
GET /api/v1/products 200 26163 - 408.500 ms
GET /api/v1/products 401 1462 - 4.350 ms
POST /api/v1/users/login 500 62 - 1523.206 ms
POST /api/v1/users/login 500 62 - 201.185 ms
POST /api/v1/users/login 500 51 - 1338.970 ms
POST /api/v1/users/login 500 51 - 1363.042 ms
POST /api/v1/users/login 200 233 - 1213.178 ms
GET /api/v1/products 200 26163 - 391.792 ms
GET /api/v1/products 401 1462 - 6.232 ms
GET /api/v1/products 200 26163 - 415.963 ms
GET /api/v1/categories 401 2143 - 3.762 ms
GET /api/v1/categories 500 215 - 4.135 ms
GET /api/v1/products 200 26163 - 407.710 ms
GET /api/v1/products 500 197 - 1.028 ms
GET /api/v1/products 200 26163 - 398.189 ms
GET /api/v1/products 200 26163 - 451.362 ms
GET /api/v1/products 500 197 - 1.567 ms
GET /api/v1/products 200 26163 - 409.637 ms
GET /api/v1/products 500 197 - 2.217 ms
POST /api/v1/users/login 401 220 - 1.686 ms
POST /api/v1/users/login 401 220 - 1.860 ms
POST /api/v1/users/login 401 220 - 4.832 ms
POST /api/v1/users/login 500 51 - 576.372 ms
POST /api/v1/users/login 200 229 - 231.326 ms
GET /api/v1/products 200 26163 - 1095.513 ms
POST /api/v1/users/login 200 229 - 258.312 ms
GET /api/v1/products 401 42 - 2.099 ms
GET /api/v1/users/login 500 325 - 6.569 ms
GET /api/v1/users/login 500 325 - 1.636 ms
GET /api/v1/products 401 25 - 0.731 ms
POST /api/v1/users/login 200 229 - 228.699 ms
GET /api/v1/products 401 25 - 0.604 ms
GET /api/v1/products 401 25 - 1.752 ms
GET /api/v1/products 401 25 - 1.289 ms
GET /api/v1/products 401 25 - 0.800 ms
GET /api/v1/products 401 25 - 0.361 ms
GET /api/v1/products 401 25 - 0.255 ms
GET /api/v1/products 401 25 - 0.256 ms
GET /api/v1/products 401 25 - 0.245 ms
GET /api/v1/products 401 25 - 3.858 ms
GET /api/v1/products 401 25 - 2.330 ms
GET /api/v1/products 401 25 - 5.225 ms
GET /api/v1/products 401 25 - 3.073 ms
GET /api/v1/products 401 25 - 5.066 ms
GET /api/v1/products 401 25 - 6.825 ms
GET /api/v1/products 401 25 - 1.783 ms
GET /api/v1/products 401 25 - 11.327 ms
GET /api/v1/products 401 25 - 7.500 ms
GET /api/v1/products 401 25 - 8.419 ms
GET /api/v1/products 200 26163 - 1325.967 ms
POST /api/v1/products/get/featured/ 404 169 - 1.949 ms
GET /api/v1/products/get/featured/ 200 13488 - 149.405 ms
GET /api/v1/products/get/featured/ 401 25 - 2.709 ms
GET /api/v1/products/get/featured/ 401 25 - 0.907 ms
GET /api/v1/products/products/get/featured/ 404 177 - 0.878 ms
GET /api/v1/products/get/featured/ 200 13488 - 298.280 ms
POST /api/v1/users/login 200 204 - 253.798 ms
POST /api/v1/users/login 200 209 - 1247.262 ms
POST /api/v1/users/login 200 233 - 1215.217 ms
POST /api/v1/users/login 200 233 - 246.428 ms
GET /api/v1/products/get/featured/ 200 13488 - 139.643 ms
GET /api/v1/products/get/featured/ 401 46 - 1240.215 ms
POST /api/v1/users/ 404 153 - 0.982 ms
POST /api/v1/users/register 404 75 - 131.784 ms
POST /api/v1/users/register 500 845 - 227.039 ms
POST /api/v1/users/register 500 627 - 211.432 ms
POST /api/v1/users/register 500 395 - 244.500 ms
POST /api/v1/users/register 201 251 - 345.767 ms
POST /api/v1/users/login 200 233 - 208.822 ms
GET /api/v1/products/get/featured/ 200 13488 - 277.727 ms
POST /api/v1/users/login 200 233 - 253.084 ms
GET /api/v1/products/get/featured/ 200 13488 - 140.960 ms
POST /api/v1/users/login 200 233 - 210.229 ms
GET /api/v1/products/get/featured/ 200 13488 - 129.540 ms
GET /api/v1/products/get/featured/ 200 13488 - 130.412 ms
GET /api/v1/products/get/featured/ 401 46 - 1102.855 ms
GET /api/v1/users/count 401 46 - 286.815 ms
POST /api/v1/users/login 200 233 - 223.382 ms
GET /api/v1/users/count 200 15 - 392.075 ms
GET /api/v1/users/get/count 200 15 - 445.772 ms
GET /api/v1/users/ 401 25 - 4.111 ms
POST /api/v1/users/login 200 233 - 263.763 ms
GET /api/v1/users/ 200 600 - 278.407 ms
DELETE /api/v1/users/60b5336c29ea2422b866fe82 200 87 - 406.773 ms
DELETE /api/v1/users/60b5336c29ea2422b866fe82 401 25 - 265.554 ms
POST /api/v1/users/login 500 51 - 149.375 ms
DELETE /api/v1/users/60b5336c29ea2422b866fe82 401 25 - 262.848 ms
POST /api/v1/users/login 500 51 - 129.023 ms
POST /api/v1/users/login 200 233 - 235.742 ms
POST /api/v1/orders 401 25 - 2.425 ms
GET /api/v1/orders 401 25 - 1.141 ms
POST /api/v1/users/login 200 233 - 281.638 ms
DELETE /api/v1/orders 404 155 - 0.963 ms
DELETE /api/v1/orders 404 155 - 0.282 ms
GET /api/v1/orders 200 1763 - 265.945 ms
GET /api/v1/orders 500 66 - 1505.710 ms
GET /api/v1/orders 500 66 - 291.384 ms
GET /api/v1/orders 500 66 - 1263.566 ms
GET /api/v1/orders 500 66 - 1449.819 ms
GET /api/v1/orders 500 66 - 263.085 ms
GET /api/v1/orders 500 66 - 258.556 ms
GET /api/v1/orders 500 66 - 1209.206 ms
GET /api/v1/orders 500 66 - 294.174 ms
GET /api/v1/orders 200 1763 - 296.897 ms
GET /api/v1/orders 500 66 - 288.798 ms
GET /api/v1/orders 500 66 - 539.789 ms
GET /api/v1/orders 500 66 - 1383.802 ms
GET /api/v1/orders 500 66 - 126.872 ms
GET /api/v1/orders 500 66 - 125.371 ms
GET /api/v1/orders 500 66 - 986.950 ms
GET /api/v1/orders 500 66 - 141.288 ms
GET /api/v1/orders 500 66 - 139.231 ms
GET /api/v1/orders 500 66 - 1306.540 ms
GET /api/v1/orders 500 66 - 128.765 ms
GET /api/v1/orders 500 66 - 174.762 ms
GET /api/v1/orders 500 66 - 1162.253 ms
GET /api/v1/orders 200 2423 - 1123.282 ms
GET /api/v1/orders 500 66 - 5.383 ms
GET /api/v1/orders 200 2313 - 1529.188 ms
GET /api/v1/orders 200 2423 - 1364.801 ms
GET /api/v1/orders 200 2313 - 1516.614 ms
GET /api/v1/orders 200 2423 - 1499.129 ms
GET /api/v1/orders 200 2313 - 1360.684 ms
GET /api/v1/orders 200 2313 - 428.069 ms
GET /api/v1/orders 200 1653 - 1456.168 ms
GET /api/v1/orders 200 1653 - 289.885 ms
GET /api/v1/orders 200 2423 - 1137.930 ms
GET /api/v1/users/609d65943373711346c5e950 401 42 - 0.883 ms
GET /api/v1/users/609d65943373711346c5e950 401 42 - 1.971 ms
GET /api/v1/users/609d65943373711346c5e950 401 42 - 0.668 ms
GET /api/v1/users/609d65943373711346c5e950 401 42 - 0.327 ms
GET /api/v1/users/609d65943373711346c5e950 401 42 - 0.211 ms
GET /api/v1/users/609d65943373711346c5e950 400 44 - 689.881 ms
POST /api/v1/orders 401 25 - 2.430 ms
GET /api/v1/orders 401 25 - 1.125 ms
GET /api/v1/orders 401 42 - 0.223 ms
GET /api/v1/orders 200 2313 - 545.541 ms
GET /api/v1/orders/609d8a0c3373711346c5e95c 200 459 - 393.285 ms
GET /api/v1/orders/ 200 2313 - 1712.798 ms
GET /api/v1/orders/ 200 24468 - 818.330 ms
GET /api/v1/orders/ 200 25124 - 1111.876 ms
GET /api/v1/orders/609d8a0c3373711346c5e95a 400 54 - 277.605 ms
GET /api/v1/orders/609d8a0c3373711346c5e95a 400 54 - 271.438 ms
GET /api/v1/orders/609d8a0c3373711346c5e95a 400 54 - 1509.816 ms
GET /api/v1/orders/609d8a0c3373711346c5e95a 400 54 - 260.543 ms
GET /api/v1/orders/609d8a0c3373711346c5e95a 400 54 - 1158.713 ms
GET /api/v1/orders/609d8a0c3373711346c5e95a 400 54 - 1288.889 ms
GET /api/v1/orders/609d8a0c3373711346c5e95a 400 54 - 294.410 ms
GET /api/v1/orders/609d8a0c3373711346c5e95a 400 54 - 264.319 ms
GET /api/v1/orders/609d8a0c3373711346c5e95a 400 54 - 269.469 ms
GET / 404 139 - 1.290 ms
GET /api/v1/orders 401 42 - 0.344 ms
GET /favicon.ico 404 150 - 0.566 ms
GET /api/v1/orders 200 25124 - 2137.242 ms
GET /api/v1/orders/609d8a0c3373711346c5e95a 400 54 - 135.708 ms
GET /api/v1/orders/609d8a0c3373711346c5e95a 400 54 - 130.142 ms
GET / 404 139 - 2.478 ms
GET / 404 139 - 0.906 ms
GET / 404 139 - 0.572 ms
GET /api/v1/orders 200 25124 - 685.292 ms
GET /favicon.ico 404 150 - 0.360 ms
GET /api/v1/orders/609d8a0c3373711346c5e95a 400 54 - 129.710 ms
GET /api/v1/orders/609d8a0c3373711346c5e95a 400 54 - 960.669 ms
GET /api/v1/orders/609d8a0c3373711346c5e95a 400 54 - 1253.213 ms
GET /api/v1/orders/609d8a0c3373711346c5e95a 400 54 - 125.951 ms
GET /api/v1/orders/609d8a0c3373711346c5e95a 400 54 - 129.763 ms
GET /api/v1/orders/609d8a0c3373711346c5e95a 400 54 - 138.597 ms
GET /api/v1/orders/609d8a0c3373711346c5e95a 400 54 - 1335.308 ms
GET /api/v1/orders/609d8a0c3373711346c5e95a 400 54 - 126.561 ms
GET /api/v1/orders/ 200 25124 - 823.758 ms
GET /api/v1/orders/ 200 25124 - 941.807 ms
GET /api/v1/orders/609d8a0c3373711346c5e95a 200 4 - 134.345 ms
GET /api/v1/orders/ 200 25124 - 641.659 ms
GET /api/v1/orders/609d8a0c3373711346c5e95c 200 349 - 134.383 ms
GET /api/v1/orders/609d8a0c3373711346c5e95c 200 6514 - 1819.628 ms
GET /api/v1/orders/609d8a0c3373711346c5e95c 200 6514 - 1882.280 ms
GET /api/v1/orders 200 25124 - 1719.437 ms
GET /api/v1/orders 401 25 - 4.407 ms
GET /api/v1/orders/609d8a0c3373711346c5e95c 200 6514 - 731.609 ms
GET /api/v1/users 401 42 - 0.517 ms
GET /api/v1/orders 200 25124 - 818.251 ms
GET /api/v1/orders/609d7eea3373711346c5e953 200 4081 - 778.021 ms
PUT /api/v1/orders/609d7eea3373711346c5e953 200 350 - 173.063 ms
GET /api/v1/orders/609d7eea3373711346c5e953 401 25 - 4.089 ms
GET /api/v1/orders/609d7eea3373711346c5e953 200 4081 - 1615.949 ms
DELETE /api/v1/orders/609d7eea3373711346c5e953 200 55 - 162.808 ms
DELETE /api/v1/orders/609d7eea3373711346c5e953 404 45 - 130.805 ms
DELETE /api/v1/orders/ 404 156 - 1.946 ms
GET /api/v1/orders/ 200 21042 - 813.331 ms
GET /api/v1/orders/609d8a0c3373711346c5e95c 200 6514 - 527.492 ms
DELETE /api/v1/orders/609d8a0c3373711346c5e95c 200 55 - 152.625 ms
DELETE /api/v1/orders/ 404 156 - 1.655 ms
GET /api/v1/orders/ 200 14527 - 713.013 ms
GET /api/v1/orders/609d898d3373711346c5e959 200 4084 - 551.756 ms
DELETE /api/v1/orders/609d898d3373711346c5e959 200 55 - 155.487 ms
DELETE /api/v1/orders 404 155 - 3.838 ms
GET /api/v1/orders 200 10442 - 726.663 ms
GET /api/v1/orders/609d874d3373711346c5e956 200 4078 - 532.681 ms
DELETE /api/v1/orders/609d874d3373711346c5e956 200 55 - 310.963 ms
DELETE /api/v1/orders 404 155 - 1.025 ms
GET /api/v1/orders 200 6363 - 530.524 ms
GET /api/v1/orders/6072d4e83abd910cb7358aad 200 6361 - 535.430 ms
DELETE /api/v1/orders/6072d4e83abd910cb7358aad 200 55 - 282.177 ms
DELETE /api/v1/orders/6072d4e83abd910cb7358aad 200 55 - 462.359 ms
DELETE /api/v1/orders/ 404 156 - 2.606 ms
GET /api/v1/orders/ 200 18762 - 565.727 ms
GET /api/v1/orders/609d8a0c3373711346c5e95c 200 6514 - 527.866 ms
DELETE /api/v1/orders/609d8a0c3373711346c5e95c 200 55 - 276.959 ms
DELETE /api/v1/orders/get/totalsales 404 170 - 2.507 ms
GET /api/v1/orders/get/totalsales 200 48 - 145.297 ms
GET /api/v1/orders/get/totalsales 200 2 - 1328.609 ms
GET /api/v1/orders/get/totalsales 200 2 - 130.211 ms
GET /api/v1/orders/get/totalsales 200 20 - 142.876 ms
GET /api/v1/orders/ 401 25 - 3.834 ms
GET /api/v1/orders/ 200 12247 - 1477.307 ms
GET /api/v1/orders/get/count 404 162 - 3.034 ms
GET /api/v1/orders/get/count 200 16 - 139.371 ms
GET /api/v1/users 401 42 - 2.110 ms
GET /api/v1/orders/get/userorders/609d65943373711346c5e950 200 12313 - 629.506 ms
GET /api/v1/orders/get/userorders/609d65943373711346c5e950 401 25 - 3.098 ms
GET /api/v1/categories 200 656 - 146.369 ms
POST /api/v1/products 500 277 - 21.361 ms
POST /api/v1/products 500 277 - 18.809 ms
POST /api/v1/products 500 234 - 21.894 ms
POST /api/v1/products 500 235 - 5.555 ms
POST /api/v1/products 500 235 - 67.807 ms
POST /api/v1/products 500 235 - 15.878 ms
POST /api/v1/products 500 235 - 19.144 ms
POST /api/v1/products 500 235 - 25.075 ms
POST /api/v1/products 500 235 - 14.795 ms
POST /api/v1/products 500 235 - 20.781 ms
POST /api/v1/products 500 235 - 17.702 ms
POST /api/v1/products 500 235 - 12.054 ms
POST /api/v1/products 500 235 - 7.908 ms
POST /api/v1/products 500 235 - 12.487 ms
POST /api/v1/products 500 235 - 13.613 ms
POST /api/v1/products 500 62 - 171.406 ms
POST /api/v1/products 500 244 - 12.419 ms
POST /api/v1/products 500 244 - 10.632 ms
POST /api/v1/products 500 244 - 18.527 ms
POST /api/v1/products 500 244 - 12.579 ms
POST /api/v1/products 201 340 - 1522.612 ms
POST /api/v1/products 201 340 - 1124.859 ms
POST /api/v1/products 201 340 - 452.038 ms
POST /api/v1/products 201 340 - 1530.529 ms
POST /api/v1/products 500 244 - 45.035 ms
POST /api/v1/products 500 244 - 8.230 ms
POST /api/v1/products 500 244 - 17.597 ms
POST /api/v1/products 201 389 - 373.083 ms
POST /api/v1/products 201 421 - 1651.804 ms
POST /api/v1/products 201 425 - 422.779 ms
GET /public/uploads/images/pasportPhoto.jpg-1622757524953-337802.jpg 404 202 - 2.033 ms
POST /api/v1/products 500 332 - 17.943 ms
POST /api/v1/products 500 332 - 17.676 ms
POST /api/v1/products 201 425 - 1298.938 ms
POST /api/v1/products 201 416 - 378.799 ms
POST /api/v1/products 500 1791 - 23.343 ms
POST /api/v1/products 201 416 - 359.165 ms
POST /api/v1/products 201 416 - 301.090 ms
POST /api/v1/products 201 416 - 1116.005 ms
POST /api/v1/products 201 416 - 352.100 ms
POST /api/v1/products 400 49 - 20.663 ms
POST /api/v1/products 201 416 - 1215.243 ms
GET /public/uploads/images/p2.jpg-1622788908663-226063.jpeg 404 193 - 3.532 ms
GET /p2.jpg-1622788908663-226063.jpeg 404 171 - 1.320 ms
GET /public/uploads/images/p2.jpg-1622788908663-226063.jpeg 404 193 - 0.558 ms
GET /favicon.ico 404 150 - 1.110 ms
GET /uploads/images/p2.jpg-1622788908663-226063.jpeg 404 186 - 2.802 ms
GET /public 404 145 - 1.869 ms
GET /uploads/ 404 147 - 0.478 ms
GET /uploads/images/ 404 154 - 0.171 ms
GET / 404 139 - 0.205 ms
GET /api/orders/60c466ff53aaa52414d72549 404 174 - 1.851 ms
GET /api/orders/ 404 150 - 0.408 ms
GET /api/products 404 151 - 1.929 ms
POST /api/users/login 404 155 - 0.432 ms
GET / 200 11 - 1.486 ms
GET /favicon.ico 200 11 - 0.227 ms
GET /api/v1 200 11 - 0.283 ms
GET /favicon.ico 304 - - 0.591 ms
GET /api/v1/products 200 11 - 0.338 ms
GET /favicon.ico 304 - - 0.305 ms
GET /api/v1/products 304 - - 0.317 ms
GET /favicon.ico 200 11 - 0.317 ms
GET /api/v1/products 200 32617 - 1768.592 ms
GET /favicon.ico 404 150 - 1.758 ms
GET /api/v1/products 200 32617 - 416.946 ms
GET /api/products 404 151 - 4.404 ms
GET /api/products 404 151 - 0.443 ms
GET /api/v1/products 200 32617 - 456.365 ms
POST /api/v1/products 400 49 - 2.274 ms
GET /api/v1/products 200 32617 - 465.342 ms
GET /api/v1/products/5f15d8852a025143f9593a7c 201 2927 - 263.700 ms
PUT /api/v1/products/galary/5f15d8852a025143f9593a7c 404 186 - 8.140 ms
PUT /api/v1/products/galary/5f15d8852a025143f9593a7c 404 186 - 2.972 ms
PUT /api/v1/products/galary/images/5f15d8852a025143f9593a7c 500 1679 - 15.416 ms
PUT /api/v1/products/galary/images/5f15d8852a025143f9593a7c 500 1679 - 4.811 ms
PUT /api/v1/products/galary/images/5f15d8852a025143f9593a7c 200 2857 - 296.259 ms
